<?xml version="1.0" encoding="UTF-8"?>
<coverage generated="1651719449297" clover="3.2.0">
  <project timestamp="1651719449297" name="All files">
    <metrics statements="12" coveredstatements="9" conditionals="4" coveredconditionals="0" methods="7" coveredmethods="6" elements="23" coveredelements="15" complexity="0" loc="12" ncloc="12" packages="1" files="3" classes="3"/>
    <file name="calculation.js" path="/home/lenny/projects/unittestingAAA/unitTestExercise/calculation.js">
      <metrics statements="5" coveredstatements="5" conditionals="0" coveredconditionals="0" methods="4" coveredmethods="4"/>
      <line num="2" count="4" type="stmt"/>
      <line num="3" count="4" type="stmt"/>
      <line num="4" count="4" type="stmt"/>
      <line num="5" count="4" type="stmt"/>
      <line num="8" count="1" type="stmt"/>
    </file>
    <file name="first.js" path="/home/lenny/projects/unittestingAAA/unitTestExercise/first.js">
      <metrics statements="5" coveredstatements="2" conditionals="4" coveredconditionals="0" methods="2" coveredmethods="1"/>
      <line num="3" count="0" type="cond" truecount="0" falsecount="4"/>
      <line num="4" count="0" type="stmt"/>
      <line num="6" count="0" type="stmt"/>
      <line num="10" count="2" type="stmt"/>
      <line num="13" count="1" type="stmt"/>
    </file>
    <file name="revese.js" path="/home/lenny/projects/unittestingAAA/unitTestExercise/revese.js">
      <metrics statements="2" coveredstatements="2" conditionals="0" coveredconditionals="0" methods="1" coveredmethods="1"/>
      <line num="3" count="1" type="stmt"/>
      <line num="6" count="1" type="stmt"/>
    </file>
  </project>
</coverage>
