<?xml version="1.0" encoding="UTF-8"?>
<coverage generated="1651722669007" clover="3.2.0">
  <project timestamp="1651722669008" name="All files">
    <metrics statements="15" coveredstatements="12" conditionals="4" coveredconditionals="0" methods="8" coveredmethods="7" elements="27" coveredelements="19" complexity="0" loc="15" ncloc="15" packages="1" files="4" classes="4"/>
    <file name="calculation.js" path="/home/lenny/projects/unittestingAAA/unitTestExercise/calculation.js">
      <metrics statements="5" coveredstatements="5" conditionals="0" coveredconditionals="0" methods="4" coveredmethods="4"/>
      <line num="2" count="12" type="stmt"/>
      <line num="3" count="12" type="stmt"/>
      <line num="4" count="12" type="stmt"/>
      <line num="5" count="12" type="stmt"/>
      <line num="8" count="1" type="stmt"/>
    </file>
    <file name="capitalise.js" path="/home/lenny/projects/unittestingAAA/unitTestExercise/capitalise.js">
      <metrics statements="3" coveredstatements="3" conditionals="0" coveredconditionals="0" methods="1" coveredmethods="1"/>
      <line num="3" count="1" type="stmt"/>
      <line num="4" count="1" type="stmt"/>
      <line num="7" count="1" type="stmt"/>
    </file>
    <file name="first.js" path="/home/lenny/projects/unittestingAAA/unitTestExercise/first.js">
      <metrics statements="5" coveredstatements="2" conditionals="4" coveredconditionals="0" methods="2" coveredmethods="1"/>
      <line num="3" count="0" type="cond" truecount="0" falsecount="4"/>
      <line num="4" count="0" type="stmt"/>
      <line num="6" count="0" type="stmt"/>
      <line num="10" count="2" type="stmt"/>
      <line num="13" count="1" type="stmt"/>
    </file>
    <file name="revese.js" path="/home/lenny/projects/unittestingAAA/unitTestExercise/revese.js">
      <metrics statements="2" coveredstatements="2" conditionals="0" coveredconditionals="0" methods="1" coveredmethods="1"/>
      <line num="3" count="1" type="stmt"/>
      <line num="6" count="1" type="stmt"/>
    </file>
  </project>
</coverage>
