{"/home/lenny/projects/unittestingAAA/unitTestExercise/first.js": {"path":"/home/lenny/projects/unittestingAAA/unitTestExercise/first.js","statementMap":{"0":{"start":{"line":3,"column":4},"end":{"line":5,"column":3}},"1":{"start":{"line":4,"column":8},"end":{"line":4,"column":23}},"2":{"start":{"line":6,"column":2},"end":{"line":6,"column":23}},"3":{"start":{"line":10,"column":4},"end":{"line":10,"column":25}},"4":{"start":{"line":13,"column":0},"end":{"line":13,"column":27}}},"fnMap":{"0":{"name":"(anonymous_0)","decl":{"start":{"line":2,"column":1},"end":{"line":2,"column":2}},"loc":{"start":{"line":2,"column":22},"end":{"line":7,"column":2}},"line":2},"1":{"name":"(anonymous_1)","decl":{"start":{"line":9,"column":1},"end":{"line":9,"column":2}},"loc":{"start":{"line":9,"column":22},"end":{"line":11,"column":4}},"line":9}},"branchMap":{"0":{"loc":{"start":{"line":3,"column":4},"end":{"line":5,"column":3}},"type":"if","locations":[{"start":{"line":3,"column":4},"end":{"line":5,"column":3}},{"start":{},"end":{}}],"line":3},"1":{"loc":{"start":{"line":3,"column":7},"end":{"line":3,"column":46}},"type":"binary-expr","locations":[{"start":{"line":3,"column":7},"end":{"line":3,"column":24}},{"start":{"line":3,"column":28},"end":{"line":3,"column":46}}],"line":3}},"s":{"0":0,"1":0,"2":0,"3":2,"4":1},"f":{"0":0,"1":2},"b":{"0":[0,0],"1":[0,0]},"_coverageSchema":"1a1c01bbd47fc00a2c39e90264f33305004495a9","hash":"51d08544b9d6644773334e46bd4c82446adf6524"}
,"/home/lenny/projects/unittestingAAA/unitTestExercise/revese.js": {"path":"/home/lenny/projects/unittestingAAA/unitTestExercise/revese.js","statementMap":{"0":{"start":{"line":3,"column":4},"end":{"line":3,"column":47}},"1":{"start":{"line":6,"column":0},"end":{"line":6,"column":25}}},"fnMap":{"0":{"name":"(anonymous_0)","decl":{"start":{"line":2,"column":1},"end":{"line":2,"column":2}},"loc":{"start":{"line":2,"column":22},"end":{"line":4,"column":2}},"line":2}},"branchMap":{},"s":{"0":1,"1":1},"f":{"0":1},"b":{},"_coverageSchema":"1a1c01bbd47fc00a2c39e90264f33305004495a9","hash":"fcb44e0fc676fe6a36e9f263b4576cce9e087fe4"}
}
